<?xml version="1.0" encoding="UTF-8"?>
<!-- Generated by org.testng.reporters.JUnitXMLReporter -->
<testsuite hostname="DESKTOP-F3O7KVR" ignored="0" name="testngTest" tests="10" failures="0" timestamp="2020-03-01T15:34:48 IST" time="25.216" errors="0">
  <testcase name="googleBasicAPI" time="3.025" classname="restApiTests.StatusLineHeaderExample"/>
  <testcase name="addBookName" time="0.713" classname="restApiTests.DynamicJSONWithDeleteData"/>
  <testcase name="addBookName" time="1.385" classname="restApiTests.DynamicJSONWithDeleteData"/>
  <testcase name="addBookName" time="0.419" classname="restApiTests.DynamicJSONWithDeleteData"/>
  <testcase name="addPlace" time="0.398" classname="restApiTests.AddDeletePlaceWithStaticJSON"/>
  <testcase name="deletePlace" time="0.3" classname="restApiTests.AddDeletePlaceWithStaticJSON"/>
  <testcase name="addDeletePlaceWithPOJO" time="1.876" classname="restApiTests.AddDeletePlaceWithPOJO"/>
  <testcase name="addDeletePlaceWithHashMap" time="0.383" classname="restApiTests.AddDeletePlaceWithHashMap"/>
  <testcase name="oAuth2ClientCredentials" time="3.468" classname="restApiTests.OAuth2ClientCredentials"/>
  <testcase name="oAuth2AuthorizationCode" time="12.516" classname="restApiTests.OAuth2AuthorizationCode"/>
</testsuite> <!-- testngTest -->
