<?xml version="1.0" encoding="UTF-8"?>
<testng-results skipped="0" failed="0" ignored="0" total="1" passed="1">
  <reporter-output>
  </reporter-output>
  <suite name="Default suite" duration-ms="2132" started-at="2020-02-17T20:53:51 IST" finished-at="2020-02-17T20:53:54 IST">
    <groups>
    </groups>
    <test name="Default test" duration-ms="2132" started-at="2020-02-17T20:53:51 IST" finished-at="2020-02-17T20:53:54 IST">
      <class name="restApiTests.GoogleBasicAPI">
        <test-method status="PASS" signature="setUp()[pri:0, instance:restApiTests.GoogleBasicAPI@7113b13f]" name="setUp" is-config="true" duration-ms="569" started-at="2020-02-17T20:53:51 IST" finished-at="2020-02-17T20:53:52 IST">
          <reporter-output>
          </reporter-output>
        </test-method> <!-- setUp -->
        <test-method status="PASS" signature="googleBasicAPI()[pri:0, instance:restApiTests.GoogleBasicAPI@7113b13f]" name="googleBasicAPI" duration-ms="1507" started-at="2020-02-17T20:53:52 IST" finished-at="2020-02-17T20:53:53 IST">
          <reporter-output>
          </reporter-output>
        </test-method> <!-- googleBasicAPI -->
        <test-method status="PASS" signature="tearDown()[pri:0, instance:restApiTests.GoogleBasicAPI@7113b13f]" name="tearDown" is-config="true" duration-ms="0" started-at="2020-02-17T20:53:54 IST" finished-at="2020-02-17T20:53:54 IST">
          <reporter-output>
          </reporter-output>
        </test-method> <!-- tearDown -->
      </class> <!-- restApiTests.GoogleBasicAPI -->
    </test> <!-- Default test -->
  </suite> <!-- Default suite -->
</testng-results>
